<?xml version="1.0" encoding="UTF-8"?>
<!-- Generated by org.testng.reporters.JUnitReportReporter -->
<testsuite hostname="DESKTOP-SG2P9F8" failures="0" tests="1" name="users.SampleTestCase" time="42.344" errors="0" timestamp="2022-02-28T13:15:45 IST" skipped="0">
  <testcase classname="users.SampleTestCase" name="sample" time="42.344"/>
  <system-out/>
</testsuite> <!-- users.SampleTestCase -->
