<?xml version="1.0" encoding="UTF-8"?>
<!-- Generated by org.testng.reporters.JUnitReportReporter -->
<testsuite hostname="DESKTOP-SG2P9F8" failures="0" tests="1" name="users.TC_Users_149Test" time="29.790" errors="0" timestamp="2022-03-02T10:06:57 IST" skipped="0">
  <testcase classname="users.TC_Users_149Test" name="CreateNewUser" time="29.790"/>
  <system-out/>
</testsuite> <!-- users.TC_Users_149Test -->
