<?xml version="1.0" encoding="UTF-8"?>
<!-- Generated by org.testng.reporters.JUnitReportReporter -->
<testsuite hostname="DESKTOP-SG2P9F8" failures="0" tests="1" name="users.TC_Users_146Test" time="40.131" errors="0" timestamp="2022-03-03T10:05:20 IST" skipped="0">
  <testcase classname="users.TC_Users_146Test" name="CreateNewUser" time="40.131"/>
  <system-out/>
</testsuite> <!-- users.TC_Users_146Test -->
